{"/Users/fabrizioonorio/test/geo-distance/dist/utils.js": {"path":"/Users/fabrizioonorio/test/geo-distance/dist/utils.js","statementMap":{"0":{"start":{"line":2,"column":22},"end":{"line":12,"column":3}},"1":{"start":{"line":3,"column":4},"end":{"line":3,"column":33}},"2":{"start":{"line":3,"column":26},"end":{"line":3,"column":33}},"3":{"start":{"line":4,"column":15},"end":{"line":4,"column":52}},"4":{"start":{"line":5,"column":4},"end":{"line":7,"column":5}},"5":{"start":{"line":6,"column":6},"end":{"line":6,"column":68}},"6":{"start":{"line":6,"column":51},"end":{"line":6,"column":63}},"7":{"start":{"line":8,"column":4},"end":{"line":8,"column":39}},"8":{"start":{"line":10,"column":4},"end":{"line":10,"column":33}},"9":{"start":{"line":10,"column":26},"end":{"line":10,"column":33}},"10":{"start":{"line":11,"column":4},"end":{"line":11,"column":17}},"11":{"start":{"line":13,"column":25},"end":{"line":17,"column":2}},"12":{"start":{"line":14,"column":4},"end":{"line":14,"column":72}},"13":{"start":{"line":16,"column":4},"end":{"line":16,"column":21}},"14":{"start":{"line":18,"column":19},"end":{"line":24,"column":1}},"15":{"start":{"line":19,"column":4},"end":{"line":19,"column":42}},"16":{"start":{"line":19,"column":31},"end":{"line":19,"column":42}},"17":{"start":{"line":20,"column":17},"end":{"line":20,"column":19}},"18":{"start":{"line":21,"column":4},"end":{"line":21,"column":141}},"19":{"start":{"line":21,"column":21},"end":{"line":21,"column":141}},"20":{"start":{"line":21,"column":40},"end":{"line":21,"column":141}},"21":{"start":{"line":21,"column":109},"end":{"line":21,"column":141}},"22":{"start":{"line":22,"column":4},"end":{"line":22,"column":36}},"23":{"start":{"line":23,"column":4},"end":{"line":23,"column":18}},"24":{"start":{"line":25,"column":16},"end":{"line":33,"column":1}},"25":{"start":{"line":26,"column":28},"end":{"line":26,"column":110}},"26":{"start":{"line":26,"column":91},"end":{"line":26,"column":106}},"27":{"start":{"line":27,"column":4},"end":{"line":32,"column":7}},"28":{"start":{"line":28,"column":36},"end":{"line":28,"column":97}},"29":{"start":{"line":28,"column":42},"end":{"line":28,"column":70}},"30":{"start":{"line":28,"column":85},"end":{"line":28,"column":95}},"31":{"start":{"line":29,"column":35},"end":{"line":29,"column":100}},"32":{"start":{"line":29,"column":41},"end":{"line":29,"column":73}},"33":{"start":{"line":29,"column":88},"end":{"line":29,"column":98}},"34":{"start":{"line":30,"column":32},"end":{"line":30,"column":116}},"35":{"start":{"line":31,"column":8},"end":{"line":31,"column":78}},"36":{"start":{"line":34,"column":22},"end":{"line":36,"column":1}},"37":{"start":{"line":35,"column":4},"end":{"line":35,"column":62}},"38":{"start":{"line":37,"column":0},"end":{"line":37,"column":62}},"39":{"start":{"line":38,"column":0},"end":{"line":38,"column":78}},"40":{"start":{"line":39,"column":21},"end":{"line":39,"column":59}},"41":{"start":{"line":40,"column":15},"end":{"line":40,"column":46}},"42":{"start":{"line":41,"column":0},"end":{"line":41,"column":16}},"43":{"start":{"line":42,"column":23},"end":{"line":59,"column":2}},"44":{"start":{"line":42,"column":33},"end":{"line":59,"column":2}},"45":{"start":{"line":43,"column":21},"end":{"line":47,"column":6}},"46":{"start":{"line":48,"column":17},"end":{"line":48,"column":38}},"47":{"start":{"line":49,"column":4},"end":{"line":58,"column":5}},"48":{"start":{"line":50,"column":8},"end":{"line":50,"column":64}},"49":{"start":{"line":53,"column":8},"end":{"line":57,"column":10}},"50":{"start":{"line":60,"column":0},"end":{"line":60,"column":40}},"51":{"start":{"line":61,"column":19},"end":{"line":64,"column":1}},"52":{"start":{"line":62,"column":26},"end":{"line":62,"column":60}},"53":{"start":{"line":63,"column":4},"end":{"line":63,"column":37}},"54":{"start":{"line":65,"column":0},"end":{"line":65,"column":32}},"55":{"start":{"line":66,"column":23},"end":{"line":68,"column":1}},"56":{"start":{"line":67,"column":4},"end":{"line":67,"column":56}},"57":{"start":{"line":69,"column":0},"end":{"line":69,"column":40}}},"fnMap":{"0":{"name":"(anonymous_0)","decl":{"start":{"line":2,"column":74},"end":{"line":2,"column":75}},"loc":{"start":{"line":2,"column":96},"end":{"line":9,"column":1}},"line":2},"1":{"name":"(anonymous_1)","decl":{"start":{"line":6,"column":38},"end":{"line":6,"column":39}},"loc":{"start":{"line":6,"column":49},"end":{"line":6,"column":65}},"line":6},"2":{"name":"(anonymous_2)","decl":{"start":{"line":9,"column":6},"end":{"line":9,"column":7}},"loc":{"start":{"line":9,"column":28},"end":{"line":12,"column":1}},"line":9},"3":{"name":"(anonymous_3)","decl":{"start":{"line":13,"column":80},"end":{"line":13,"column":81}},"loc":{"start":{"line":13,"column":95},"end":{"line":15,"column":1}},"line":13},"4":{"name":"(anonymous_4)","decl":{"start":{"line":15,"column":5},"end":{"line":15,"column":6}},"loc":{"start":{"line":15,"column":20},"end":{"line":17,"column":1}},"line":15},"5":{"name":"(anonymous_5)","decl":{"start":{"line":18,"column":50},"end":{"line":18,"column":51}},"loc":{"start":{"line":18,"column":65},"end":{"line":24,"column":1}},"line":18},"6":{"name":"(anonymous_6)","decl":{"start":{"line":25,"column":44},"end":{"line":25,"column":45}},"loc":{"start":{"line":25,"column":89},"end":{"line":33,"column":1}},"line":25},"7":{"name":"adopt","decl":{"start":{"line":26,"column":13},"end":{"line":26,"column":18}},"loc":{"start":{"line":26,"column":26},"end":{"line":26,"column":112}},"line":26},"8":{"name":"(anonymous_8)","decl":{"start":{"line":26,"column":70},"end":{"line":26,"column":71}},"loc":{"start":{"line":26,"column":89},"end":{"line":26,"column":108}},"line":26},"9":{"name":"(anonymous_9)","decl":{"start":{"line":27,"column":36},"end":{"line":27,"column":37}},"loc":{"start":{"line":27,"column":63},"end":{"line":32,"column":5}},"line":27},"10":{"name":"fulfilled","decl":{"start":{"line":28,"column":17},"end":{"line":28,"column":26}},"loc":{"start":{"line":28,"column":34},"end":{"line":28,"column":99}},"line":28},"11":{"name":"rejected","decl":{"start":{"line":29,"column":17},"end":{"line":29,"column":25}},"loc":{"start":{"line":29,"column":33},"end":{"line":29,"column":102}},"line":29},"12":{"name":"step","decl":{"start":{"line":30,"column":17},"end":{"line":30,"column":21}},"loc":{"start":{"line":30,"column":30},"end":{"line":30,"column":118}},"line":30},"13":{"name":"(anonymous_13)","decl":{"start":{"line":34,"column":56},"end":{"line":34,"column":57}},"loc":{"start":{"line":34,"column":71},"end":{"line":36,"column":1}},"line":34},"14":{"name":"(anonymous_14)","decl":{"start":{"line":42,"column":23},"end":{"line":42,"column":24}},"loc":{"start":{"line":42,"column":33},"end":{"line":59,"column":2}},"line":42},"15":{"name":"(anonymous_15)","decl":{"start":{"line":42,"column":67},"end":{"line":42,"column":68}},"loc":{"start":{"line":42,"column":80},"end":{"line":59,"column":1}},"line":42},"16":{"name":"(anonymous_16)","decl":{"start":{"line":61,"column":19},"end":{"line":61,"column":20}},"loc":{"start":{"line":61,"column":30},"end":{"line":64,"column":1}},"line":61},"17":{"name":"(anonymous_17)","decl":{"start":{"line":66,"column":23},"end":{"line":66,"column":24}},"loc":{"start":{"line":66,"column":33},"end":{"line":68,"column":1}},"line":66}},"branchMap":{"0":{"loc":{"start":{"line":2,"column":22},"end":{"line":12,"column":3}},"type":"binary-expr","locations":[{"start":{"line":2,"column":23},"end":{"line":2,"column":27}},{"start":{"line":2,"column":31},"end":{"line":2,"column":51}},{"start":{"line":2,"column":57},"end":{"line":12,"column":2}}],"line":2},"1":{"loc":{"start":{"line":2,"column":57},"end":{"line":12,"column":2}},"type":"cond-expr","locations":[{"start":{"line":2,"column":74},"end":{"line":9,"column":1}},{"start":{"line":9,"column":6},"end":{"line":12,"column":1}}],"line":2},"2":{"loc":{"start":{"line":3,"column":4},"end":{"line":3,"column":33}},"type":"if","locations":[{"start":{"line":3,"column":4},"end":{"line":3,"column":33}},{"start":{},"end":{}}],"line":3},"3":{"loc":{"start":{"line":5,"column":4},"end":{"line":7,"column":5}},"type":"if","locations":[{"start":{"line":5,"column":4},"end":{"line":7,"column":5}},{"start":{},"end":{}}],"line":5},"4":{"loc":{"start":{"line":5,"column":8},"end":{"line":5,"column":85}},"type":"binary-expr","locations":[{"start":{"line":5,"column":8},"end":{"line":5,"column":13}},{"start":{"line":5,"column":18},"end":{"line":5,"column":84}}],"line":5},"5":{"loc":{"start":{"line":5,"column":18},"end":{"line":5,"column":84}},"type":"cond-expr","locations":[{"start":{"line":5,"column":34},"end":{"line":5,"column":47}},{"start":{"line":5,"column":50},"end":{"line":5,"column":84}}],"line":5},"6":{"loc":{"start":{"line":5,"column":50},"end":{"line":5,"column":84}},"type":"binary-expr","locations":[{"start":{"line":5,"column":50},"end":{"line":5,"column":63}},{"start":{"line":5,"column":67},"end":{"line":5,"column":84}}],"line":5},"7":{"loc":{"start":{"line":10,"column":4},"end":{"line":10,"column":33}},"type":"if","locations":[{"start":{"line":10,"column":4},"end":{"line":10,"column":33}},{"start":{},"end":{}}],"line":10},"8":{"loc":{"start":{"line":13,"column":25},"end":{"line":17,"column":2}},"type":"binary-expr","locations":[{"start":{"line":13,"column":26},"end":{"line":13,"column":30}},{"start":{"line":13,"column":34},"end":{"line":13,"column":57}},{"start":{"line":13,"column":63},"end":{"line":17,"column":1}}],"line":13},"9":{"loc":{"start":{"line":13,"column":63},"end":{"line":17,"column":1}},"type":"cond-expr","locations":[{"start":{"line":13,"column":80},"end":{"line":15,"column":1}},{"start":{"line":15,"column":5},"end":{"line":17,"column":1}}],"line":13},"10":{"loc":{"start":{"line":18,"column":19},"end":{"line":24,"column":1}},"type":"binary-expr","locations":[{"start":{"line":18,"column":20},"end":{"line":18,"column":24}},{"start":{"line":18,"column":28},"end":{"line":18,"column":45}},{"start":{"line":18,"column":50},"end":{"line":24,"column":1}}],"line":18},"11":{"loc":{"start":{"line":19,"column":4},"end":{"line":19,"column":42}},"type":"if","locations":[{"start":{"line":19,"column":4},"end":{"line":19,"column":42}},{"start":{},"end":{}}],"line":19},"12":{"loc":{"start":{"line":19,"column":8},"end":{"line":19,"column":29}},"type":"binary-expr","locations":[{"start":{"line":19,"column":8},"end":{"line":19,"column":11}},{"start":{"line":19,"column":15},"end":{"line":19,"column":29}}],"line":19},"13":{"loc":{"start":{"line":21,"column":4},"end":{"line":21,"column":141}},"type":"if","locations":[{"start":{"line":21,"column":4},"end":{"line":21,"column":141}},{"start":{},"end":{}}],"line":21},"14":{"loc":{"start":{"line":21,"column":40},"end":{"line":21,"column":141}},"type":"if","locations":[{"start":{"line":21,"column":40},"end":{"line":21,"column":141}},{"start":{},"end":{}}],"line":21},"15":{"loc":{"start":{"line":21,"column":44},"end":{"line":21,"column":107}},"type":"binary-expr","locations":[{"start":{"line":21,"column":44},"end":{"line":21,"column":59}},{"start":{"line":21,"column":63},"end":{"line":21,"column":107}}],"line":21},"16":{"loc":{"start":{"line":25,"column":16},"end":{"line":33,"column":1}},"type":"binary-expr","locations":[{"start":{"line":25,"column":17},"end":{"line":25,"column":21}},{"start":{"line":25,"column":25},"end":{"line":25,"column":39}},{"start":{"line":25,"column":44},"end":{"line":33,"column":1}}],"line":25},"17":{"loc":{"start":{"line":26,"column":35},"end":{"line":26,"column":109}},"type":"cond-expr","locations":[{"start":{"line":26,"column":56},"end":{"line":26,"column":61}},{"start":{"line":26,"column":64},"end":{"line":26,"column":109}}],"line":26},"18":{"loc":{"start":{"line":27,"column":16},"end":{"line":27,"column":34}},"type":"binary-expr","locations":[{"start":{"line":27,"column":16},"end":{"line":27,"column":17}},{"start":{"line":27,"column":22},"end":{"line":27,"column":33}}],"line":27},"19":{"loc":{"start":{"line":30,"column":32},"end":{"line":30,"column":115}},"type":"cond-expr","locations":[{"start":{"line":30,"column":46},"end":{"line":30,"column":67}},{"start":{"line":30,"column":70},"end":{"line":30,"column":115}}],"line":30},"20":{"loc":{"start":{"line":31,"column":51},"end":{"line":31,"column":67}},"type":"binary-expr","locations":[{"start":{"line":31,"column":51},"end":{"line":31,"column":61}},{"start":{"line":31,"column":65},"end":{"line":31,"column":67}}],"line":31},"21":{"loc":{"start":{"line":34,"column":22},"end":{"line":36,"column":1}},"type":"binary-expr","locations":[{"start":{"line":34,"column":23},"end":{"line":34,"column":27}},{"start":{"line":34,"column":31},"end":{"line":34,"column":51}},{"start":{"line":34,"column":56},"end":{"line":36,"column":1}}],"line":34},"22":{"loc":{"start":{"line":35,"column":11},"end":{"line":35,"column":61}},"type":"cond-expr","locations":[{"start":{"line":35,"column":37},"end":{"line":35,"column":40}},{"start":{"line":35,"column":43},"end":{"line":35,"column":61}}],"line":35},"23":{"loc":{"start":{"line":35,"column":12},"end":{"line":35,"column":33}},"type":"binary-expr","locations":[{"start":{"line":35,"column":12},"end":{"line":35,"column":15}},{"start":{"line":35,"column":19},"end":{"line":35,"column":33}}],"line":35},"24":{"loc":{"start":{"line":49,"column":4},"end":{"line":58,"column":5}},"type":"if","locations":[{"start":{"line":49,"column":4},"end":{"line":58,"column":5}},{"start":{"line":52,"column":9},"end":{"line":58,"column":5}}],"line":49}},"s":{"0":1,"1":2,"2":2,"3":2,"4":2,"5":2,"6":1,"7":2,"8":0,"9":0,"10":0,"11":1,"12":1,"13":0,"14":1,"15":1,"16":0,"17":1,"18":1,"19":1,"20":2,"21":2,"22":1,"23":1,"24":1,"25":0,"26":0,"27":0,"28":0,"29":0,"30":0,"31":0,"32":0,"33":0,"34":0,"35":0,"36":1,"37":1,"38":1,"39":1,"40":1,"41":1,"42":1,"43":1,"44":0,"45":0,"46":0,"47":0,"48":0,"49":0,"50":1,"51":1,"52":3,"53":3,"54":1,"55":1,"56":1,"57":1},"f":{"0":2,"1":1,"2":0,"3":1,"4":0,"5":1,"6":0,"7":0,"8":0,"9":0,"10":0,"11":0,"12":0,"13":1,"14":0,"15":0,"16":3,"17":1},"b":{"0":[1,1,1],"1":[1,0],"2":[2,0],"3":[2,0],"4":[2,2],"5":[0,2],"6":[2,0],"7":[0,0],"8":[1,1,1],"9":[1,0],"10":[1,1,1],"11":[0,1],"12":[1,1],"13":[1,0],"14":[2,0],"15":[2,2],"16":[1,1,1],"17":[0,0],"18":[0,0],"19":[0,0],"20":[0,0],"21":[1,1,1],"22":[1,0],"23":[1,1],"24":[0,0]},"inputSourceMap":null,"_coverageSchema":"1a1c01bbd47fc00a2c39e90264f33305004495a9","hash":"53905a6bd40a7779430cde8151fd93298d497229"}
,"/Users/fabrizioonorio/test/geo-distance/src/utils.ts": {"path":"/Users/fabrizioonorio/test/geo-distance/src/utils.ts","statementMap":{"0":{"start":{"line":1,"column":0},"end":{"line":1,"column":31}},"1":{"start":{"line":2,"column":0},"end":{"line":2,"column":33}},"2":{"start":{"line":3,"column":0},"end":{"line":3,"column":16}},"3":{"start":{"line":9,"column":30},"end":{"line":28,"column":2}},"4":{"start":{"line":9,"column":53},"end":{"line":28,"column":2}},"5":{"start":{"line":10,"column":18},"end":{"line":16,"column":null}},"6":{"start":{"line":18,"column":14},"end":{"line":18,"column":35}},"7":{"start":{"line":19,"column":1},"end":{"line":27,"column":null}},"8":{"start":{"line":20,"column":2},"end":{"line":20,"column":58}},"9":{"start":{"line":22,"column":2},"end":{"line":26,"column":4}},"10":{"start":{"line":9,"column":13},"end":{"line":9,"column":30}},"11":{"start":{"line":30,"column":26},"end":{"line":35,"column":1}},"12":{"start":{"line":33,"column":23},"end":{"line":33,"column":57}},"13":{"start":{"line":34,"column":1},"end":{"line":34,"column":34}},"14":{"start":{"line":30,"column":13},"end":{"line":30,"column":26}},"15":{"start":{"line":37,"column":30},"end":{"line":39,"column":1}},"16":{"start":{"line":38,"column":1},"end":{"line":38,"column":53}},"17":{"start":{"line":37,"column":13},"end":{"line":37,"column":30}}},"fnMap":{"0":{"name":"(anonymous_14)","decl":{"start":{"line":9,"column":30},"end":{"line":9,"column":37}},"loc":{"start":{"line":9,"column":53},"end":{"line":28,"column":2}}},"1":{"name":"(anonymous_15)","decl":{"start":{"line":9,"column":53},"end":{"line":9,"column":null}},"loc":{"start":{"line":9,"column":53},"end":{"line":28,"column":1}}},"2":{"name":"(anonymous_16)","decl":{"start":{"line":30,"column":26},"end":{"line":30,"column":null}},"loc":{"start":{"line":32,"column":4},"end":{"line":35,"column":1}}},"3":{"name":"(anonymous_17)","decl":{"start":{"line":37,"column":30},"end":{"line":37,"column":31}},"loc":{"start":{"line":37,"column":47},"end":{"line":39,"column":1}}}},"branchMap":{"0":{"loc":{"start":{"line":19,"column":1},"end":{"line":27,"column":null}},"type":"if","locations":[{"start":{"line":19,"column":1},"end":{"line":27,"column":null}},{"start":{"line":21,"column":8},"end":{"line":27,"column":null}}]}},"s":{"0":1,"1":1,"2":1,"3":1,"4":0,"5":0,"6":0,"7":0,"8":0,"9":0,"10":1,"11":1,"12":3,"13":3,"14":1,"15":1,"16":1,"17":1},"f":{"0":0,"1":0,"2":3,"3":1},"b":{"0":[0,0]}}
}
