TN:
SF:dist/utils.js
FN:2,(anonymous_0)
FN:6,(anonymous_1)
FN:9,(anonymous_2)
FN:13,(anonymous_3)
FN:15,(anonymous_4)
FN:18,(anonymous_5)
FN:25,(anonymous_6)
FN:26,adopt
FN:26,(anonymous_8)
FN:27,(anonymous_9)
FN:28,fulfilled
FN:29,rejected
FN:30,step
FN:34,(anonymous_13)
FN:42,(anonymous_14)
FN:42,(anonymous_15)
FN:61,(anonymous_16)
FN:66,(anonymous_17)
FNF:18
FNH:7
FNDA:2,(anonymous_0)
FNDA:1,(anonymous_1)
FNDA:0,(anonymous_2)
FNDA:1,(anonymous_3)
FNDA:0,(anonymous_4)
FNDA:1,(anonymous_5)
FNDA:0,(anonymous_6)
FNDA:0,adopt
FNDA:0,(anonymous_8)
FNDA:0,(anonymous_9)
FNDA:0,fulfilled
FNDA:0,rejected
FNDA:0,step
FNDA:1,(anonymous_13)
FNDA:0,(anonymous_14)
FNDA:0,(anonymous_15)
FNDA:3,(anonymous_16)
FNDA:1,(anonymous_17)
DA:2,1
DA:3,2
DA:4,2
DA:5,2
DA:6,2
DA:8,2
DA:10,0
DA:11,0
DA:13,1
DA:14,1
DA:16,0
DA:18,1
DA:19,1
DA:20,1
DA:21,2
DA:22,1
DA:23,1
DA:25,1
DA:26,0
DA:27,0
DA:28,0
DA:29,0
DA:30,0
DA:31,0
DA:34,1
DA:35,1
DA:37,1
DA:38,1
DA:39,1
DA:40,1
DA:41,1
DA:42,1
DA:43,0
DA:48,0
DA:49,0
DA:50,0
DA:53,0
DA:60,1
DA:61,1
DA:62,3
DA:63,3
DA:65,1
DA:66,1
DA:67,1
DA:69,1
LF:45
LH:31
BRDA:2,0,0,1
BRDA:2,0,1,1
BRDA:2,0,2,1
BRDA:2,1,0,1
BRDA:2,1,1,0
BRDA:3,2,0,2
BRDA:3,2,1,0
BRDA:5,3,0,2
BRDA:5,3,1,0
BRDA:5,4,0,2
BRDA:5,4,1,2
BRDA:5,5,0,0
BRDA:5,5,1,2
BRDA:5,6,0,2
BRDA:5,6,1,0
BRDA:10,7,0,0
BRDA:10,7,1,0
BRDA:13,8,0,1
BRDA:13,8,1,1
BRDA:13,8,2,1
BRDA:13,9,0,1
BRDA:13,9,1,0
BRDA:18,10,0,1
BRDA:18,10,1,1
BRDA:18,10,2,1
BRDA:19,11,0,0
BRDA:19,11,1,1
BRDA:19,12,0,1
BRDA:19,12,1,1
BRDA:21,13,0,1
BRDA:21,13,1,0
BRDA:21,14,0,2
BRDA:21,14,1,0
BRDA:21,15,0,2
BRDA:21,15,1,2
BRDA:25,16,0,1
BRDA:25,16,1,1
BRDA:25,16,2,1
BRDA:26,17,0,0
BRDA:26,17,1,0
BRDA:27,18,0,0
BRDA:27,18,1,0
BRDA:30,19,0,0
BRDA:30,19,1,0
BRDA:31,20,0,0
BRDA:31,20,1,0
BRDA:34,21,0,1
BRDA:34,21,1,1
BRDA:34,21,2,1
BRDA:35,22,0,1
BRDA:35,22,1,0
BRDA:35,23,0,1
BRDA:35,23,1,1
BRDA:49,24,0,0
BRDA:49,24,1,0
BRF:55
BRH:33
end_of_record
TN:
SF:src/utils.ts
FN:9,(anonymous_14)
FN:9,(anonymous_15)
FN:30,(anonymous_16)
FN:37,(anonymous_17)
FNF:4
FNH:2
FNDA:0,(anonymous_14)
FNDA:0,(anonymous_15)
FNDA:3,(anonymous_16)
FNDA:1,(anonymous_17)
DA:1,1
DA:2,1
DA:3,1
DA:9,1
DA:10,0
DA:18,0
DA:19,0
DA:20,0
DA:22,0
DA:30,1
DA:33,3
DA:34,3
DA:37,1
DA:38,1
LF:14
LH:9
BRDA:19,0,0,0
BRDA:19,0,1,0
BRF:2
BRH:0
end_of_record
